[debug] [2025-06-07T17:37:00.742Z] ----------------------------------------------------------------------
[debug] [2025-06-07T17:37:00.745Z] Command:       C:\Program Files\nodejs\node.exe C:\Users\Ganesh R\AppData\Roaming\npm\node_modules\firebase-tools\lib\bin\firebase.js deploy --only functions
[debug] [2025-06-07T17:37:00.745Z] CLI Version:   14.6.0
[debug] [2025-06-07T17:37:00.745Z] Platform:      win32
[debug] [2025-06-07T17:37:00.745Z] Node Version:  v22.16.0
[debug] [2025-06-07T17:37:00.746Z] Time:          Sat Jun 07 2025 23:07:00 GMT+0530 (India Standard Time)
[debug] [2025-06-07T17:37:00.746Z] ----------------------------------------------------------------------
[debug] 
[debug] [2025-06-07T17:37:00.932Z] > command requires scopes: ["email","openid","https://www.googleapis.com/auth/cloudplatformprojects.readonly","https://www.googleapis.com/auth/firebase","https://www.googleapis.com/auth/cloud-platform"]
[debug] [2025-06-07T17:37:00.932Z] > authorizing via signed-in user (k.raja671978@gmail.com)
[debug] [2025-06-07T17:37:00.933Z] [iam] checking project realtimechatapp-bcd4f for permissions ["cloudfunctions.functions.create","cloudfunctions.functions.delete","cloudfunctions.functions.get","cloudfunctions.functions.list","cloudfunctions.functions.update","cloudfunctions.operations.get","firebase.projects.get"]
[debug] [2025-06-07T17:37:00.934Z] Checked if tokens are valid: true, expires at: 1749319869873
[debug] [2025-06-07T17:37:00.934Z] Checked if tokens are valid: true, expires at: 1749319869873
[debug] [2025-06-07T17:37:00.935Z] >>> [apiv2][query] POST https://cloudresourcemanager.googleapis.com/v1/projects/realtimechatapp-bcd4f:testIamPermissions [none]
[debug] [2025-06-07T17:37:00.935Z] >>> [apiv2][(partial)header] POST https://cloudresourcemanager.googleapis.com/v1/projects/realtimechatapp-bcd4f:testIamPermissions x-goog-quota-user=projects/realtimechatapp-bcd4f
[debug] [2025-06-07T17:37:00.935Z] >>> [apiv2][body] POST https://cloudresourcemanager.googleapis.com/v1/projects/realtimechatapp-bcd4f:testIamPermissions {"permissions":["cloudfunctions.functions.create","cloudfunctions.functions.delete","cloudfunctions.functions.get","cloudfunctions.functions.list","cloudfunctions.functions.update","cloudfunctions.operations.get","firebase.projects.get"]}
[debug] [2025-06-07T17:37:01.755Z] <<< [apiv2][status] POST https://cloudresourcemanager.googleapis.com/v1/projects/realtimechatapp-bcd4f:testIamPermissions 200
[debug] [2025-06-07T17:37:01.755Z] <<< [apiv2][body] POST https://cloudresourcemanager.googleapis.com/v1/projects/realtimechatapp-bcd4f:testIamPermissions {"permissions":["cloudfunctions.functions.create","cloudfunctions.functions.delete","cloudfunctions.functions.get","cloudfunctions.functions.list","cloudfunctions.functions.update","cloudfunctions.operations.get","firebase.projects.get"]}
[debug] [2025-06-07T17:37:01.756Z] Checked if tokens are valid: true, expires at: 1749319869873
[debug] [2025-06-07T17:37:01.756Z] Checked if tokens are valid: true, expires at: 1749319869873
[debug] [2025-06-07T17:37:01.756Z] >>> [apiv2][query] POST https://iam.googleapis.com/v1/projects/realtimechatapp-bcd4f/serviceAccounts/realtimechatapp-bcd4f@appspot.gserviceaccount.com:testIamPermissions [none]
[debug] [2025-06-07T17:37:01.756Z] >>> [apiv2][body] POST https://iam.googleapis.com/v1/projects/realtimechatapp-bcd4f/serviceAccounts/realtimechatapp-bcd4f@appspot.gserviceaccount.com:testIamPermissions {"permissions":["iam.serviceAccounts.actAs"]}
[debug] [2025-06-07T17:37:03.820Z] <<< [apiv2][status] POST https://iam.googleapis.com/v1/projects/realtimechatapp-bcd4f/serviceAccounts/realtimechatapp-bcd4f@appspot.gserviceaccount.com:testIamPermissions 200
[debug] [2025-06-07T17:37:03.821Z] <<< [apiv2][body] POST https://iam.googleapis.com/v1/projects/realtimechatapp-bcd4f/serviceAccounts/realtimechatapp-bcd4f@appspot.gserviceaccount.com:testIamPermissions {"permissions":["iam.serviceAccounts.actAs"]}
[info] 
[info] === Deploying to 'realtimechatapp-bcd4f'...
[info] 
[info] i  deploying functions 
[debug] [2025-06-07T17:37:03.828Z] Checked if tokens are valid: true, expires at: 1749319869873
[debug] [2025-06-07T17:37:03.828Z] Checked if tokens are valid: true, expires at: 1749319869873
[debug] [2025-06-07T17:37:03.828Z] >>> [apiv2][query] GET https://serviceusage.googleapis.com/v1/projects/realtimechatapp-bcd4f/services/cloudresourcemanager.googleapis.com [none]
[debug] [2025-06-07T17:37:03.828Z] >>> [apiv2][(partial)header] GET https://serviceusage.googleapis.com/v1/projects/realtimechatapp-bcd4f/services/cloudresourcemanager.googleapis.com x-goog-quota-user=projects/realtimechatapp-bcd4f
